<?xml version="1.0" encoding="UTF-8"?><testrun name="AllTests" project="AprioriAlgorithm" tests="16" started="16" failures="1" errors="0" ignored="0">
  <testsuite name="APrioriMiner.AllTests" time="3.097">
    <testsuite name="APrioriMiner.DAOTests" time="0.197">
      <testcase name="testDAOConstructor" classname="APrioriMiner.DAOTests" time="0.0"/>
      <testcase name="testDAOGettersAndSetters" classname="APrioriMiner.DAOTests" time="0.0"/>
      <testcase name="testDAOconnect" classname="APrioriMiner.DAOTests" time="0.197"/>
    </testsuite>
    <testsuite name="APrioriMiner.ARTests" time="0.002">
      <testcase name="testAssociationRuleGettersAndSetters" classname="APrioriMiner.ARTests" time="0.001"/>
      <testcase name="testAssociationRuleConstructor" classname="APrioriMiner.ARTests" time="0.001"/>
      <testcase name="testAssociationRuleDuplicateItems" classname="APrioriMiner.ARTests" time="0.0"/>
    </testsuite>
    <testsuite name="APrioriMiner.ItemSetTests" time="0.001">
      <testcase name="testItemSetGettersAndSetters" classname="APrioriMiner.ItemSetTests" time="0.0"/>
      <testcase name="testItemSetConstructor" classname="APrioriMiner.ItemSetTests" time="0.0"/>
      <testcase name="testItemSetMethods" classname="APrioriMiner.ItemSetTests" time="0.001"/>
    </testsuite>
    <testsuite name="APrioriMiner.ItemTests" time="0.0">
      <testcase name="testItemConstructor" classname="APrioriMiner.ItemTests" time="0.0"/>
      <testcase name="testItemGettersAndSetters" classname="APrioriMiner.ItemTests" time="0.0"/>
    </testsuite>
    <testsuite name="APrioriMiner.APTests" time="2.897">
      <testcase name="testGenerateRulesTransactions" classname="APrioriMiner.APTests" time="2.883">
        <failure>java.lang.AssertionError: expected:&lt;9&gt; but was:&lt;10&gt;&#13;
	at org.junit.Assert.fail(Assert.java:88)&#13;
	at org.junit.Assert.failNotEquals(Assert.java:743)&#13;
	at org.junit.Assert.assertEquals(Assert.java:118)&#13;
	at org.junit.Assert.assertEquals(Assert.java:555)&#13;
	at org.junit.Assert.assertEquals(Assert.java:542)&#13;
	at APrioriMiner.APTests.testGenerateRulesTransactions(APTests.java:51)&#13;
	at sun.reflect.NativeMethodAccessorImpl.invoke0(Native Method)&#13;
	at sun.reflect.NativeMethodAccessorImpl.invoke(Unknown Source)&#13;
	at sun.reflect.DelegatingMethodAccessorImpl.invoke(Unknown Source)&#13;
	at java.lang.reflect.Method.invoke(Unknown Source)&#13;
	at org.junit.runners.model.FrameworkMethod$1.runReflectiveCall(FrameworkMethod.java:47)&#13;
	at org.junit.internal.runners.model.ReflectiveCallable.run(ReflectiveCallable.java:12)&#13;
	at org.junit.runners.model.FrameworkMethod.invokeExplosively(FrameworkMethod.java:44)&#13;
	at org.junit.internal.runners.statements.InvokeMethod.evaluate(InvokeMethod.java:17)&#13;
	at org.junit.runners.ParentRunner.runLeaf(ParentRunner.java:271)&#13;
	at org.junit.runners.BlockJUnit4ClassRunner.runChild(BlockJUnit4ClassRunner.java:70)&#13;
	at org.junit.runners.BlockJUnit4ClassRunner.runChild(BlockJUnit4ClassRunner.java:50)&#13;
	at org.junit.runners.ParentRunner$3.run(ParentRunner.java:238)&#13;
	at org.junit.runners.ParentRunner$1.schedule(ParentRunner.java:63)&#13;
	at org.junit.runners.ParentRunner.runChildren(ParentRunner.java:236)&#13;
	at org.junit.runners.ParentRunner.access$000(ParentRunner.java:53)&#13;
	at org.junit.runners.ParentRunner$2.evaluate(ParentRunner.java:229)&#13;
	at org.junit.runners.ParentRunner.run(ParentRunner.java:309)&#13;
	at org.junit.runners.Suite.runChild(Suite.java:127)&#13;
	at org.junit.runners.Suite.runChild(Suite.java:26)&#13;
	at org.junit.runners.ParentRunner$3.run(ParentRunner.java:238)&#13;
	at org.junit.runners.ParentRunner$1.schedule(ParentRunner.java:63)&#13;
	at org.junit.runners.ParentRunner.runChildren(ParentRunner.java:236)&#13;
	at org.junit.runners.ParentRunner.access$000(ParentRunner.java:53)&#13;
	at org.junit.runners.ParentRunner$2.evaluate(ParentRunner.java:229)&#13;
	at org.junit.runners.ParentRunner.run(ParentRunner.java:309)&#13;
	at org.eclipse.jdt.internal.junit4.runner.JUnit4TestReference.run(JUnit4TestReference.java:50)&#13;
	at org.eclipse.jdt.internal.junit.runner.TestExecution.run(TestExecution.java:38)&#13;
	at org.eclipse.jdt.internal.junit.runner.RemoteTestRunner.runTests(RemoteTestRunner.java:467)&#13;
	at org.eclipse.jdt.internal.junit.runner.RemoteTestRunner.runTests(RemoteTestRunner.java:683)&#13;
	at org.eclipse.jdt.internal.junit.runner.RemoteTestRunner.run(RemoteTestRunner.java:390)&#13;
	at org.eclipse.jdt.internal.junit.runner.RemoteTestRunner.main(RemoteTestRunner.java:197)&#13;
&#13;
</failure>
      </testcase>
      <testcase name="testGenerateItemSubsets" classname="APrioriMiner.APTests" time="0.005"/>
      <testcase name="testGenerateRulesTESCASE5" classname="APrioriMiner.APTests" time="0.002"/>
      <testcase name="testCountItemCandidate" classname="APrioriMiner.APTests" time="0.001"/>
      <testcase name="testPurgeNonSupportted" classname="APrioriMiner.APTests" time="0.005"/>
    </testsuite>
  </testsuite>
</testrun>
